[18-Jul-2016 08:02:15 UTC] PHP Warning:  include(connect_db.php): failed to open stream: No such file or directory in /home/ubuntu/workspace/project/php/carpool_mycarpool_control.php on line 8
[18-Jul-2016 08:02:15 UTC] PHP Stack trace:
[18-Jul-2016 08:02:15 UTC] PHP   1. {main}() /home/ubuntu/workspace/project/php/carpool_mycarpool_control.php:0
[18-Jul-2016 08:02:15 UTC] PHP Warning:  include(): Failed opening 'connect_db.php' for inclusion (include_path='.:/usr/share/php:/usr/share/pear') in /home/ubuntu/workspace/project/php/carpool_mycarpool_control.php on line 8
[18-Jul-2016 08:02:15 UTC] PHP Stack trace:
[18-Jul-2016 08:02:15 UTC] PHP   1. {main}() /home/ubuntu/workspace/project/php/carpool_mycarpool_control.php:0
[18-Jul-2016 08:02:15 UTC] PHP Fatal error:  Class 'databaseuse' not found in /home/ubuntu/workspace/project/php/carpool_mycarpool_control.php on line 9
[18-Jul-2016 08:02:15 UTC] PHP Stack trace:
[18-Jul-2016 08:02:15 UTC] PHP   1. {main}() /home/ubuntu/workspace/project/php/carpool_mycarpool_control.php:0
[18-Jul-2016 08:07:03 UTC] PHP Warning:  include(connect_db.php): failed to open stream: No such file or directory in /home/ubuntu/workspace/project/php/carpool_login.php on line 4
[18-Jul-2016 08:07:03 UTC] PHP Stack trace:
[18-Jul-2016 08:07:03 UTC] PHP   1. {main}() /home/ubuntu/workspace/project/php/carpool_login.php:0
[18-Jul-2016 08:07:03 UTC] PHP Warning:  include(): Failed opening 'connect_db.php' for inclusion (include_path='.:/usr/share/php:/usr/share/pear') in /home/ubuntu/workspace/project/php/carpool_login.php on line 4
[18-Jul-2016 08:07:03 UTC] PHP Stack trace:
[18-Jul-2016 08:07:03 UTC] PHP   1. {main}() /home/ubuntu/workspace/project/php/carpool_login.php:0
[18-Jul-2016 08:07:03 UTC] PHP Fatal error:  Class 'databaseuse' not found in /home/ubuntu/workspace/project/php/carpool_login.php on line 5
[18-Jul-2016 08:07:03 UTC] PHP Stack trace:
[18-Jul-2016 08:07:03 UTC] PHP   1. {main}() /home/ubuntu/workspace/project/php/carpool_login.php:0
[18-Jul-2016 08:07:04 UTC] PHP Warning:  include(connect_db.php): failed to open stream: No such file or directory in /home/ubuntu/workspace/project/php/carpool_login.php on line 4
[18-Jul-2016 08:07:04 UTC] PHP Stack trace:
[18-Jul-2016 08:07:04 UTC] PHP   1. {main}() /home/ubuntu/workspace/project/php/carpool_login.php:0
[18-Jul-2016 08:07:04 UTC] PHP Warning:  include(): Failed opening 'connect_db.php' for inclusion (include_path='.:/usr/share/php:/usr/share/pear') in /home/ubuntu/workspace/project/php/carpool_login.php on line 4
[18-Jul-2016 08:07:04 UTC] PHP Stack trace:
[18-Jul-2016 08:07:04 UTC] PHP   1. {main}() /home/ubuntu/workspace/project/php/carpool_login.php:0
[18-Jul-2016 08:07:04 UTC] PHP Fatal error:  Class 'databaseuse' not found in /home/ubuntu/workspace/project/php/carpool_login.php on line 5
[18-Jul-2016 08:07:04 UTC] PHP Stack trace:
[18-Jul-2016 08:07:04 UTC] PHP   1. {main}() /home/ubuntu/workspace/project/php/carpool_login.php:0
[18-Jul-2016 08:07:15 UTC] PHP Warning:  include(connect_db.php): failed to open stream: No such file or directory in /home/ubuntu/workspace/project/php/carpool_login.php on line 4
[18-Jul-2016 08:07:15 UTC] PHP Stack trace:
[18-Jul-2016 08:07:15 UTC] PHP   1. {main}() /home/ubuntu/workspace/project/php/carpool_login.php:0
[18-Jul-2016 08:07:15 UTC] PHP Warning:  include(): Failed opening 'connect_db.php' for inclusion (include_path='.:/usr/share/php:/usr/share/pear') in /home/ubuntu/workspace/project/php/carpool_login.php on line 4
[18-Jul-2016 08:07:15 UTC] PHP Stack trace:
[18-Jul-2016 08:07:15 UTC] PHP   1. {main}() /home/ubuntu/workspace/project/php/carpool_login.php:0
[18-Jul-2016 08:07:15 UTC] PHP Fatal error:  Class 'databaseuse' not found in /home/ubuntu/workspace/project/php/carpool_login.php on line 5
[18-Jul-2016 08:07:15 UTC] PHP Stack trace:
[18-Jul-2016 08:07:15 UTC] PHP   1. {main}() /home/ubuntu/workspace/project/php/carpool_login.php:0
[18-Jul-2016 08:07:45 UTC] PHP Warning:  include(connect_db.php): failed to open stream: No such file or directory in /home/ubuntu/workspace/project/php/carpool_mycarpool_control.php on line 8
[18-Jul-2016 08:07:45 UTC] PHP Stack trace:
[18-Jul-2016 08:07:45 UTC] PHP   1. {main}() /home/ubuntu/workspace/project/php/carpool_mycarpool_control.php:0
[18-Jul-2016 08:07:45 UTC] PHP Warning:  include(): Failed opening 'connect_db.php' for inclusion (include_path='.:/usr/share/php:/usr/share/pear') in /home/ubuntu/workspace/project/php/carpool_mycarpool_control.php on line 8
[18-Jul-2016 08:07:45 UTC] PHP Stack trace:
[18-Jul-2016 08:07:45 UTC] PHP   1. {main}() /home/ubuntu/workspace/project/php/carpool_mycarpool_control.php:0
[18-Jul-2016 08:07:45 UTC] PHP Fatal error:  Class 'databaseuse' not found in /home/ubuntu/workspace/project/php/carpool_mycarpool_control.php on line 9
[18-Jul-2016 08:07:45 UTC] PHP Stack trace:
[18-Jul-2016 08:07:45 UTC] PHP   1. {main}() /home/ubuntu/workspace/project/php/carpool_mycarpool_control.php:0
[18-Jul-2016 08:08:27 UTC] PHP Warning:  include(connect_db.php): failed to open stream: No such file or directory in /home/ubuntu/workspace/project/php/carpool_login.php on line 4
[18-Jul-2016 08:08:27 UTC] PHP Stack trace:
[18-Jul-2016 08:08:27 UTC] PHP   1. {main}() /home/ubuntu/workspace/project/php/carpool_login.php:0
[18-Jul-2016 08:08:27 UTC] PHP Warning:  include(): Failed opening 'connect_db.php' for inclusion (include_path='.:/usr/share/php:/usr/share/pear') in /home/ubuntu/workspace/project/php/carpool_login.php on line 4
[18-Jul-2016 08:08:27 UTC] PHP Stack trace:
[18-Jul-2016 08:08:27 UTC] PHP   1. {main}() /home/ubuntu/workspace/project/php/carpool_login.php:0
[18-Jul-2016 08:08:27 UTC] PHP Fatal error:  Class 'databaseuse' not found in /home/ubuntu/workspace/project/php/carpool_login.php on line 5
[18-Jul-2016 08:08:27 UTC] PHP Stack trace:
[18-Jul-2016 08:08:27 UTC] PHP   1. {main}() /home/ubuntu/workspace/project/php/carpool_login.php:0
[18-Jul-2016 08:09:34 UTC] PHP Warning:  include(connect_db.php): failed to open stream: No such file or directory in /home/ubuntu/workspace/project/php/carpool_mycarpool_control.php on line 8
[18-Jul-2016 08:09:34 UTC] PHP Stack trace:
[18-Jul-2016 08:09:34 UTC] PHP   1. {main}() /home/ubuntu/workspace/project/php/carpool_mycarpool_control.php:0
[18-Jul-2016 08:09:34 UTC] PHP Warning:  include(): Failed opening 'connect_db.php' for inclusion (include_path='.:/usr/share/php:/usr/share/pear') in /home/ubuntu/workspace/project/php/carpool_mycarpool_control.php on line 8
[18-Jul-2016 08:09:34 UTC] PHP Stack trace:
[18-Jul-2016 08:09:34 UTC] PHP   1. {main}() /home/ubuntu/workspace/project/php/carpool_mycarpool_control.php:0
[18-Jul-2016 08:09:34 UTC] PHP Fatal error:  Class 'databaseuse' not found in /home/ubuntu/workspace/project/php/carpool_mycarpool_control.php on line 9
[18-Jul-2016 08:09:34 UTC] PHP Stack trace:
[18-Jul-2016 08:09:34 UTC] PHP   1. {main}() /home/ubuntu/workspace/project/php/carpool_mycarpool_control.php:0
[18-Jul-2016 08:09:55 UTC] PHP Warning:  include(connect_db.php): failed to open stream: No such file or directory in /home/ubuntu/workspace/project/php/carpool_mycarpool_control.php on line 8
[18-Jul-2016 08:09:55 UTC] PHP Stack trace:
[18-Jul-2016 08:09:55 UTC] PHP   1. {main}() /home/ubuntu/workspace/project/php/carpool_mycarpool_control.php:0
[18-Jul-2016 08:09:55 UTC] PHP Warning:  include(): Failed opening 'connect_db.php' for inclusion (include_path='.:/usr/share/php:/usr/share/pear') in /home/ubuntu/workspace/project/php/carpool_mycarpool_control.php on line 8
[18-Jul-2016 08:09:55 UTC] PHP Stack trace:
[18-Jul-2016 08:09:55 UTC] PHP   1. {main}() /home/ubuntu/workspace/project/php/carpool_mycarpool_control.php:0
[18-Jul-2016 08:09:55 UTC] PHP Fatal error:  Class 'databaseuse' not found in /home/ubuntu/workspace/project/php/carpool_mycarpool_control.php on line 9
[18-Jul-2016 08:09:55 UTC] PHP Stack trace:
[18-Jul-2016 08:09:55 UTC] PHP   1. {main}() /home/ubuntu/workspace/project/php/carpool_mycarpool_control.php:0
[18-Jul-2016 08:10:06 UTC] PHP Warning:  include(connect_db.php): failed to open stream: No such file or directory in /home/ubuntu/workspace/project/php/carpool_mycarpool_control.php on line 8
[18-Jul-2016 08:10:06 UTC] PHP Stack trace:
[18-Jul-2016 08:10:06 UTC] PHP   1. {main}() /home/ubuntu/workspace/project/php/carpool_mycarpool_control.php:0
[18-Jul-2016 08:10:06 UTC] PHP Warning:  include(): Failed opening 'connect_db.php' for inclusion (include_path='.:/usr/share/php:/usr/share/pear') in /home/ubuntu/workspace/project/php/carpool_mycarpool_control.php on line 8
[18-Jul-2016 08:10:06 UTC] PHP Stack trace:
[18-Jul-2016 08:10:06 UTC] PHP   1. {main}() /home/ubuntu/workspace/project/php/carpool_mycarpool_control.php:0
[18-Jul-2016 08:10:06 UTC] PHP Fatal error:  Class 'databaseuse' not found in /home/ubuntu/workspace/project/php/carpool_mycarpool_control.php on line 9
[18-Jul-2016 08:10:06 UTC] PHP Stack trace:
[18-Jul-2016 08:10:06 UTC] PHP   1. {main}() /home/ubuntu/workspace/project/php/carpool_mycarpool_control.php:0
[18-Jul-2016 08:10:14 UTC] PHP Warning:  include(connect_db.php): failed to open stream: No such file or directory in /home/ubuntu/workspace/project/php/carpool_mycarpool_control.php on line 8
[18-Jul-2016 08:10:14 UTC] PHP Stack trace:
[18-Jul-2016 08:10:14 UTC] PHP   1. {main}() /home/ubuntu/workspace/project/php/carpool_mycarpool_control.php:0
[18-Jul-2016 08:10:14 UTC] PHP Warning:  include(): Failed opening 'connect_db.php' for inclusion (include_path='.:/usr/share/php:/usr/share/pear') in /home/ubuntu/workspace/project/php/carpool_mycarpool_control.php on line 8
[18-Jul-2016 08:10:14 UTC] PHP Stack trace:
[18-Jul-2016 08:10:14 UTC] PHP   1. {main}() /home/ubuntu/workspace/project/php/carpool_mycarpool_control.php:0
[18-Jul-2016 08:10:14 UTC] PHP Fatal error:  Class 'databaseuse' not found in /home/ubuntu/workspace/project/php/carpool_mycarpool_control.php on line 9
[18-Jul-2016 08:10:14 UTC] PHP Stack trace:
[18-Jul-2016 08:10:14 UTC] PHP   1. {main}() /home/ubuntu/workspace/project/php/carpool_mycarpool_control.php:0
[18-Jul-2016 08:10:50 UTC] PHP Warning:  include(connect_db.php): failed to open stream: No such file or directory in /home/ubuntu/workspace/project/php/carpool_mycarpool_control.php on line 8
[18-Jul-2016 08:10:50 UTC] PHP Stack trace:
[18-Jul-2016 08:10:50 UTC] PHP   1. {main}() /home/ubuntu/workspace/project/php/carpool_mycarpool_control.php:0
[18-Jul-2016 08:10:50 UTC] PHP Warning:  include(): Failed opening 'connect_db.php' for inclusion (include_path='.:/usr/share/php:/usr/share/pear') in /home/ubuntu/workspace/project/php/carpool_mycarpool_control.php on line 8
[18-Jul-2016 08:10:50 UTC] PHP Stack trace:
[18-Jul-2016 08:10:50 UTC] PHP   1. {main}() /home/ubuntu/workspace/project/php/carpool_mycarpool_control.php:0
[18-Jul-2016 08:10:50 UTC] PHP Fatal error:  Class 'databaseuse' not found in /home/ubuntu/workspace/project/php/carpool_mycarpool_control.php on line 9
[18-Jul-2016 08:10:50 UTC] PHP Stack trace:
[18-Jul-2016 08:10:50 UTC] PHP   1. {main}() /home/ubuntu/workspace/project/php/carpool_mycarpool_control.php:0
[18-Jul-2016 08:11:09 UTC] PHP Warning:  include(connect_db.php): failed to open stream: No such file or directory in /home/ubuntu/workspace/project/php/carpool_mycarpool_control.php on line 8
[18-Jul-2016 08:11:09 UTC] PHP Stack trace:
[18-Jul-2016 08:11:09 UTC] PHP   1. {main}() /home/ubuntu/workspace/project/php/carpool_mycarpool_control.php:0
[18-Jul-2016 08:11:09 UTC] PHP Warning:  include(): Failed opening 'connect_db.php' for inclusion (include_path='.:/usr/share/php:/usr/share/pear') in /home/ubuntu/workspace/project/php/carpool_mycarpool_control.php on line 8
[18-Jul-2016 08:11:09 UTC] PHP Stack trace:
[18-Jul-2016 08:11:09 UTC] PHP   1. {main}() /home/ubuntu/workspace/project/php/carpool_mycarpool_control.php:0
[18-Jul-2016 08:11:09 UTC] PHP Fatal error:  Class 'databaseuse' not found in /home/ubuntu/workspace/project/php/carpool_mycarpool_control.php on line 9
[18-Jul-2016 08:11:09 UTC] PHP Stack trace:
[18-Jul-2016 08:11:09 UTC] PHP   1. {main}() /home/ubuntu/workspace/project/php/carpool_mycarpool_control.php:0
[18-Jul-2016 08:12:22 UTC] PHP Warning:  include(connect_db.php): failed to open stream: No such file or directory in /home/ubuntu/workspace/project/php/carpool_mycarpool_control.php on line 8
[18-Jul-2016 08:12:22 UTC] PHP Stack trace:
[18-Jul-2016 08:12:22 UTC] PHP   1. {main}() /home/ubuntu/workspace/project/php/carpool_mycarpool_control.php:0
[18-Jul-2016 08:12:22 UTC] PHP Warning:  include(): Failed opening 'connect_db.php' for inclusion (include_path='.:/usr/share/php:/usr/share/pear') in /home/ubuntu/workspace/project/php/carpool_mycarpool_control.php on line 8
[18-Jul-2016 08:12:22 UTC] PHP Stack trace:
[18-Jul-2016 08:12:22 UTC] PHP   1. {main}() /home/ubuntu/workspace/project/php/carpool_mycarpool_control.php:0
[18-Jul-2016 08:12:22 UTC] PHP Fatal error:  Class 'databaseuse' not found in /home/ubuntu/workspace/project/php/carpool_mycarpool_control.php on line 9
[18-Jul-2016 08:12:22 UTC] PHP Stack trace:
[18-Jul-2016 08:12:22 UTC] PHP   1. {main}() /home/ubuntu/workspace/project/php/carpool_mycarpool_control.php:0
[18-Jul-2016 09:23:38 UTC] PHP Fatal error:  Uncaught exception 'PDOException' with message 'SQLSTATE[HY000] [1045] Access denied for user 'root'@'localhost' (using password: NO)' in /home/ubuntu/workspace/project/php/show_image.php:2
Stack trace:
#0 /home/ubuntu/workspace/project/php/show_image.php(2): PDO->__construct('mysql:host=loca...', 'root', '')
#1 {main}
  thrown in /home/ubuntu/workspace/project/php/show_image.php on line 2
[18-Jul-2016 09:23:38 UTC] PHP Fatal error:  Uncaught exception 'PDOException' with message 'SQLSTATE[HY000] [1045] Access denied for user 'root'@'localhost' (using password: NO)' in /home/ubuntu/workspace/project/php/show_image.php:2
Stack trace:
#0 /home/ubuntu/workspace/project/php/show_image.php(2): PDO->__construct('mysql:host=loca...', 'root', '')
#1 {main}
  thrown in /home/ubuntu/workspace/project/php/show_image.php on line 2
[18-Jul-2016 09:23:38 UTC] PHP Fatal error:  Uncaught exception 'PDOException' with message 'SQLSTATE[HY000] [1045] Access denied for user 'root'@'localhost' (using password: NO)' in /home/ubuntu/workspace/project/php/show_image.php:2
Stack trace:
#0 /home/ubuntu/workspace/project/php/show_image.php(2): PDO->__construct('mysql:host=loca...', 'root', '')
#1 {main}
  thrown in /home/ubuntu/workspace/project/php/show_image.php on line 2
[18-Jul-2016 09:23:38 UTC] PHP Fatal error:  Uncaught exception 'PDOException' with message 'SQLSTATE[HY000] [1045] Access denied for user 'root'@'localhost' (using password: NO)' in /home/ubuntu/workspace/project/php/show_image.php:2
Stack trace:
#0 /home/ubuntu/workspace/project/php/show_image.php(2): PDO->__construct('mysql:host=loca...', 'root', '')
#1 {main}
  thrown in /home/ubuntu/workspace/project/php/show_image.php on line 2
[18-Jul-2016 09:23:58 UTC] PHP Fatal error:  Call to undefined method databaseuse::databaseclose() in /home/ubuntu/workspace/project/php/carpool_mycarpool_control.php on line 48
[18-Jul-2016 09:23:58 UTC] PHP Stack trace:
[18-Jul-2016 09:23:58 UTC] PHP   1. {main}() /home/ubuntu/workspace/project/php/carpool_mycarpool_control.php:0
[18-Jul-2016 09:24:01 UTC] PHP Fatal error:  Uncaught exception 'PDOException' with message 'SQLSTATE[HY000] [1045] Access denied for user 'root'@'localhost' (using password: NO)' in /home/ubuntu/workspace/project/php/show_image.php:2
Stack trace:
#0 /home/ubuntu/workspace/project/php/show_image.php(2): PDO->__construct('mysql:host=loca...', 'root', '')
#1 {main}
  thrown in /home/ubuntu/workspace/project/php/show_image.php on line 2
[18-Jul-2016 09:24:01 UTC] PHP Fatal error:  Uncaught exception 'PDOException' with message 'SQLSTATE[HY000] [1045] Access denied for user 'root'@'localhost' (using password: NO)' in /home/ubuntu/workspace/project/php/show_image.php:2
Stack trace:
#0 /home/ubuntu/workspace/project/php/show_image.php(2): PDO->__construct('mysql:host=loca...', 'root', '')
#1 {main}
  thrown in /home/ubuntu/workspace/project/php/show_image.php on line 2
[18-Jul-2016 09:24:01 UTC] PHP Fatal error:  Uncaught exception 'PDOException' with message 'SQLSTATE[HY000] [1045] Access denied for user 'root'@'localhost' (using password: NO)' in /home/ubuntu/workspace/project/php/show_image.php:2
Stack trace:
#0 /home/ubuntu/workspace/project/php/show_image.php(2): PDO->__construct('mysql:host=loca...', 'root', '')
#1 {main}
  thrown in /home/ubuntu/workspace/project/php/show_image.php on line 2
[18-Jul-2016 09:24:01 UTC] PHP Fatal error:  Uncaught exception 'PDOException' with message 'SQLSTATE[HY000] [1045] Access denied for user 'root'@'localhost' (using password: NO)' in /home/ubuntu/workspace/project/php/show_image.php:2
Stack trace:
#0 /home/ubuntu/workspace/project/php/show_image.php(2): PDO->__construct('mysql:host=loca...', 'root', '')
#1 {main}
  thrown in /home/ubuntu/workspace/project/php/show_image.php on line 2
[18-Jul-2016 09:24:24 UTC] PHP Fatal error:  Call to undefined method databaseuse::databaseclose() in /home/ubuntu/workspace/project/php/carpool_mycarpool_control.php on line 48
[18-Jul-2016 09:24:24 UTC] PHP Stack trace:
[18-Jul-2016 09:24:24 UTC] PHP   1. {main}() /home/ubuntu/workspace/project/php/carpool_mycarpool_control.php:0
[18-Jul-2016 09:24:54 UTC] PHP Fatal error:  Call to undefined method databaseuse::databaseclose() in /home/ubuntu/workspace/project/php/carpool_mycarpool_control.php on line 48
[18-Jul-2016 09:24:54 UTC] PHP Stack trace:
[18-Jul-2016 09:24:54 UTC] PHP   1. {main}() /home/ubuntu/workspace/project/php/carpool_mycarpool_control.php:0
[18-Jul-2016 09:24:56 UTC] PHP Fatal error:  Call to undefined method databaseuse::databaseclose() in /home/ubuntu/workspace/project/php/carpool_mycarpool_control.php on line 48
[18-Jul-2016 09:24:56 UTC] PHP Stack trace:
[18-Jul-2016 09:24:56 UTC] PHP   1. {main}() /home/ubuntu/workspace/project/php/carpool_mycarpool_control.php:0
[18-Jul-2016 09:25:14 UTC] PHP Fatal error:  Cannot use isset() on the result of an expression (you can use "null !== expression" instead) in /home/ubuntu/workspace/project/php/carpool_login.php on line 3
[18-Jul-2016 09:25:34 UTC] PHP Fatal error:  Cannot use isset() on the result of an expression (you can use "null !== expression" instead) in /home/ubuntu/workspace/project/php/carpool_login.php on line 3
[18-Jul-2016 09:41:44 UTC] PHP Fatal error:  Cannot use isset() on the result of an expression (you can use "null !== expression" instead) in /home/ubuntu/workspace/project/php/carpool_login.php on line 3
[18-Jul-2016 09:41:52 UTC] PHP Fatal error:  Call to undefined method databaseuse::databaseclose() in /home/ubuntu/workspace/project/php/carpool_mycarpool_control.php on line 39
[18-Jul-2016 09:41:52 UTC] PHP Stack trace:
[18-Jul-2016 09:41:52 UTC] PHP   1. {main}() /home/ubuntu/workspace/project/php/carpool_mycarpool_control.php:0
[18-Jul-2016 09:58:57 UTC] PHP Fatal error:  Call to undefined method databaseuse::databaseclose() in /home/ubuntu/workspace/project/php/carpool_mycarpool_control.php on line 39
[18-Jul-2016 09:58:57 UTC] PHP Stack trace:
[18-Jul-2016 09:58:57 UTC] PHP   1. {main}() /home/ubuntu/workspace/project/php/carpool_mycarpool_control.php:0
[18-Jul-2016 10:00:01 UTC] PHP Fatal error:  Call to undefined method databaseuse::databaseclose() in /home/ubuntu/workspace/project/php/carpool_mycarpool_control.php on line 39
[18-Jul-2016 10:00:01 UTC] PHP Stack trace:
[18-Jul-2016 10:00:01 UTC] PHP   1. {main}() /home/ubuntu/workspace/project/php/carpool_mycarpool_control.php:0
[18-Jul-2016 10:00:36 UTC] PHP Fatal error:  Call to undefined method databaseuse::databaseclose() in /home/ubuntu/workspace/project/php/carpool_mycarpool_control.php on line 37
[18-Jul-2016 10:00:36 UTC] PHP Stack trace:
[18-Jul-2016 10:00:36 UTC] PHP   1. {main}() /home/ubuntu/workspace/project/php/carpool_mycarpool_control.php:0
[18-Jul-2016 10:00:40 UTC] PHP Fatal error:  Cannot use isset() on the result of an expression (you can use "null !== expression" instead) in /home/ubuntu/workspace/project/php/carpool_login.php on line 3
[18-Jul-2016 10:00:44 UTC] PHP Fatal error:  Cannot use isset() on the result of an expression (you can use "null !== expression" instead) in /home/ubuntu/workspace/project/php/carpool_login.php on line 3
[18-Jul-2016 10:01:58 UTC] PHP Fatal error:  Cannot use isset() on the result of an expression (you can use "null !== expression" instead) in /home/ubuntu/workspace/project/php/carpool_login.php on line 3
[18-Jul-2016 10:02:42 UTC] PHP Fatal error:  Cannot use isset() on the result of an expression (you can use "null !== expression" instead) in /home/ubuntu/workspace/project/php/carpool_login.php on line 3
[18-Jul-2016 10:02:44 UTC] PHP Fatal error:  Cannot use isset() on the result of an expression (you can use "null !== expression" instead) in /home/ubuntu/workspace/project/php/carpool_login.php on line 3
[18-Jul-2016 10:02:59 UTC] PHP Fatal error:  Cannot use isset() on the result of an expression (you can use "null !== expression" instead) in /home/ubuntu/workspace/project/php/carpool_login.php on line 3
[18-Jul-2016 13:57:50 UTC] PHP Fatal error:  Cannot use isset() on the result of an expression (you can use "null !== expression" instead) in /home/ubuntu/workspace/project/php/carpool_login.php on line 3
[18-Jul-2016 13:57:58 UTC] PHP Fatal error:  Cannot use isset() on the result of an expression (you can use "null !== expression" instead) in /home/ubuntu/workspace/project/php/carpool_login.php on line 3
[18-Jul-2016 13:58:03 UTC] PHP Fatal error:  Cannot use isset() on the result of an expression (you can use "null !== expression" instead) in /home/ubuntu/workspace/project/php/carpool_login.php on line 3
[18-Jul-2016 13:59:42 UTC] PHP Fatal error:  Cannot use isset() on the result of an expression (you can use "null !== expression" instead) in /home/ubuntu/workspace/project/php/carpool_login.php on line 3
[18-Jul-2016 14:00:04 UTC] PHP Fatal error:  Cannot use isset() on the result of an expression (you can use "null !== expression" instead) in /home/ubuntu/workspace/project/php/carpool_login.php on line 3
[18-Jul-2016 14:00:07 UTC] PHP Fatal error:  Cannot use isset() on the result of an expression (you can use "null !== expression" instead) in /home/ubuntu/workspace/project/php/carpool_login.php on line 3
[18-Jul-2016 14:00:07 UTC] PHP Fatal error:  Cannot use isset() on the result of an expression (you can use "null !== expression" instead) in /home/ubuntu/workspace/project/php/carpool_login.php on line 3
[18-Jul-2016 14:00:07 UTC] PHP Fatal error:  Cannot use isset() on the result of an expression (you can use "null !== expression" instead) in /home/ubuntu/workspace/project/php/carpool_login.php on line 3
[18-Jul-2016 14:01:34 UTC] PHP Fatal error:  Cannot use isset() on the result of an expression (you can use "null !== expression" instead) in /home/ubuntu/workspace/project/php/carpool_login.php on line 3
[18-Jul-2016 14:01:34 UTC] PHP Fatal error:  Cannot use isset() on the result of an expression (you can use "null !== expression" instead) in /home/ubuntu/workspace/project/php/carpool_login.php on line 3
[18-Jul-2016 14:01:36 UTC] PHP Fatal error:  Cannot use isset() on the result of an expression (you can use "null !== expression" instead) in /home/ubuntu/workspace/project/php/carpool_login.php on line 3
[18-Jul-2016 14:01:36 UTC] PHP Fatal error:  Cannot use isset() on the result of an expression (you can use "null !== expression" instead) in /home/ubuntu/workspace/project/php/carpool_login.php on line 3
[18-Jul-2016 14:01:38 UTC] PHP Fatal error:  Cannot use isset() on the result of an expression (you can use "null !== expression" instead) in /home/ubuntu/workspace/project/php/carpool_login.php on line 3
[18-Jul-2016 14:01:38 UTC] PHP Fatal error:  Cannot use isset() on the result of an expression (you can use "null !== expression" instead) in /home/ubuntu/workspace/project/php/carpool_login.php on line 3
[18-Jul-2016 14:02:16 UTC] PHP Fatal error:  Cannot use isset() on the result of an expression (you can use "null !== expression" instead) in /home/ubuntu/workspace/project/php/carpool_login.php on line 3
[18-Jul-2016 14:02:16 UTC] PHP Fatal error:  Cannot use isset() on the result of an expression (you can use "null !== expression" instead) in /home/ubuntu/workspace/project/php/carpool_login.php on line 3
[18-Jul-2016 14:02:18 UTC] PHP Fatal error:  Cannot use isset() on the result of an expression (you can use "null !== expression" instead) in /home/ubuntu/workspace/project/php/carpool_login.php on line 3
[18-Jul-2016 14:02:18 UTC] PHP Fatal error:  Cannot use isset() on the result of an expression (you can use "null !== expression" instead) in /home/ubuntu/workspace/project/php/carpool_login.php on line 3
[18-Jul-2016 14:02:18 UTC] PHP Fatal error:  Cannot use isset() on the result of an expression (you can use "null !== expression" instead) in /home/ubuntu/workspace/project/php/carpool_login.php on line 3
[18-Jul-2016 14:02:18 UTC] PHP Fatal error:  Cannot use isset() on the result of an expression (you can use "null !== expression" instead) in /home/ubuntu/workspace/project/php/carpool_login.php on line 3
[18-Jul-2016 14:02:54 UTC] PHP Fatal error:  Cannot use isset() on the result of an expression (you can use "null !== expression" instead) in /home/ubuntu/workspace/project/php/carpool_login.php on line 3
[18-Jul-2016 14:02:54 UTC] PHP Fatal error:  Cannot use isset() on the result of an expression (you can use "null !== expression" instead) in /home/ubuntu/workspace/project/php/carpool_login.php on line 3
[18-Jul-2016 14:03:11 UTC] PHP Fatal error:  Cannot use isset() on the result of an expression (you can use "null !== expression" instead) in /home/ubuntu/workspace/project/php/carpool_login.php on line 3
[18-Jul-2016 14:03:11 UTC] PHP Fatal error:  Cannot use isset() on the result of an expression (you can use "null !== expression" instead) in /home/ubuntu/workspace/project/php/carpool_login.php on line 3
[18-Jul-2016 14:04:02 UTC] PHP Fatal error:  Cannot use isset() on the result of an expression (you can use "null !== expression" instead) in /home/ubuntu/workspace/project/php/carpool_login.php on line 3
[18-Jul-2016 14:05:52 UTC] PHP Fatal error:  Call to undefined method databaseuse::databaseclose() in /home/ubuntu/workspace/project/php/carpool_mycarpool_control.php on line 37
[18-Jul-2016 14:05:52 UTC] PHP Stack trace:
[18-Jul-2016 14:05:52 UTC] PHP   1. {main}() /home/ubuntu/workspace/project/php/carpool_mycarpool_control.php:0
[18-Jul-2016 14:05:58 UTC] PHP Fatal error:  Call to undefined method databaseuse::databaseclose() in /home/ubuntu/workspace/project/php/carpool_mycarpool_control.php on line 37
[18-Jul-2016 14:05:58 UTC] PHP Stack trace:
[18-Jul-2016 14:05:58 UTC] PHP   1. {main}() /home/ubuntu/workspace/project/php/carpool_mycarpool_control.php:0
[18-Jul-2016 14:06:58 UTC] PHP Fatal error:  Call to undefined method databaseuse::databaseclose() in /home/ubuntu/workspace/project/php/carpool_mycarpool_control.php on line 37
[18-Jul-2016 14:06:58 UTC] PHP Stack trace:
[18-Jul-2016 14:06:58 UTC] PHP   1. {main}() /home/ubuntu/workspace/project/php/carpool_mycarpool_control.php:0
[18-Jul-2016 14:08:17 UTC] PHP Fatal error:  Call to undefined method databaseuse::databaseclose() in /home/ubuntu/workspace/project/php/carpool_mycarpool_control.php on line 37
[18-Jul-2016 14:08:17 UTC] PHP Stack trace:
[18-Jul-2016 14:08:17 UTC] PHP   1. {main}() /home/ubuntu/workspace/project/php/carpool_mycarpool_control.php:0
[18-Jul-2016 14:08:57 UTC] PHP Fatal error:  Call to undefined method databaseuse::databaseclose() in /home/ubuntu/workspace/project/php/carpool_mycarpool_control.php on line 37
[18-Jul-2016 14:08:57 UTC] PHP Stack trace:
[18-Jul-2016 14:08:57 UTC] PHP   1. {main}() /home/ubuntu/workspace/project/php/carpool_mycarpool_control.php:0
[18-Jul-2016 14:09:52 UTC] PHP Fatal error:  Call to undefined method databaseuse::databaseclose() in /home/ubuntu/workspace/project/php/carpool_mycarpool_control.php on line 37
[18-Jul-2016 14:09:52 UTC] PHP Stack trace:
[18-Jul-2016 14:09:52 UTC] PHP   1. {main}() /home/ubuntu/workspace/project/php/carpool_mycarpool_control.php:0
[18-Jul-2016 14:10:20 UTC] PHP Fatal error:  Call to undefined method databaseuse::databaseclose() in /home/ubuntu/workspace/project/php/carpool_mycarpool_control.php on line 37
[18-Jul-2016 14:10:20 UTC] PHP Stack trace:
[18-Jul-2016 14:10:20 UTC] PHP   1. {main}() /home/ubuntu/workspace/project/php/carpool_mycarpool_control.php:0
[18-Jul-2016 14:10:35 UTC] PHP Fatal error:  Call to undefined method databaseuse::databaseclose() in /home/ubuntu/workspace/project/php/carpool_mycarpool_control.php on line 37
[18-Jul-2016 14:10:35 UTC] PHP Stack trace:
[18-Jul-2016 14:10:35 UTC] PHP   1. {main}() /home/ubuntu/workspace/project/php/carpool_mycarpool_control.php:0
[18-Jul-2016 14:10:50 UTC] PHP Fatal error:  Call to undefined method databaseuse::databaseclose() in /home/ubuntu/workspace/project/php/carpool_mycarpool_control.php on line 37
[18-Jul-2016 14:10:50 UTC] PHP Stack trace:
[18-Jul-2016 14:10:50 UTC] PHP   1. {main}() /home/ubuntu/workspace/project/php/carpool_mycarpool_control.php:0
[18-Jul-2016 14:11:06 UTC] PHP Fatal error:  Call to undefined method databaseuse::databaseclose() in /home/ubuntu/workspace/project/php/carpool_mycarpool_control.php on line 37
[18-Jul-2016 14:11:06 UTC] PHP Stack trace:
[18-Jul-2016 14:11:06 UTC] PHP   1. {main}() /home/ubuntu/workspace/project/php/carpool_mycarpool_control.php:0
[18-Jul-2016 14:11:40 UTC] PHP Fatal error:  Call to undefined method databaseuse::databaseclose() in /home/ubuntu/workspace/project/php/carpool_mycarpool_control.php on line 37
[18-Jul-2016 14:11:40 UTC] PHP Stack trace:
[18-Jul-2016 14:11:40 UTC] PHP   1. {main}() /home/ubuntu/workspace/project/php/carpool_mycarpool_control.php:0
[18-Jul-2016 14:12:25 UTC] PHP Fatal error:  Call to undefined method databaseuse::databaseclose() in /home/ubuntu/workspace/project/php/carpool_mycarpool_control.php on line 37
[18-Jul-2016 14:12:25 UTC] PHP Stack trace:
[18-Jul-2016 14:12:25 UTC] PHP   1. {main}() /home/ubuntu/workspace/project/php/carpool_mycarpool_control.php:0
[18-Jul-2016 14:12:26 UTC] PHP Fatal error:  Call to undefined method databaseuse::databaseclose() in /home/ubuntu/workspace/project/php/carpool_mycarpool_control.php on line 37
[18-Jul-2016 14:12:26 UTC] PHP Stack trace:
[18-Jul-2016 14:12:26 UTC] PHP   1. {main}() /home/ubuntu/workspace/project/php/carpool_mycarpool_control.php:0
[18-Jul-2016 14:13:04 UTC] PHP Fatal error:  Call to undefined method databaseuse::databaseclose() in /home/ubuntu/workspace/project/php/carpool_mycarpool_control.php on line 37
[18-Jul-2016 14:13:04 UTC] PHP Stack trace:
[18-Jul-2016 14:13:04 UTC] PHP   1. {main}() /home/ubuntu/workspace/project/php/carpool_mycarpool_control.php:0
[18-Jul-2016 14:13:05 UTC] PHP Fatal error:  Call to undefined method databaseuse::databaseclose() in /home/ubuntu/workspace/project/php/carpool_mycarpool_control.php on line 37
[18-Jul-2016 14:13:05 UTC] PHP Stack trace:
[18-Jul-2016 14:13:05 UTC] PHP   1. {main}() /home/ubuntu/workspace/project/php/carpool_mycarpool_control.php:0
[18-Jul-2016 14:13:11 UTC] PHP Fatal error:  Call to undefined method databaseuse::databaseclose() in /home/ubuntu/workspace/project/php/carpool_mycarpool_control.php on line 37
[18-Jul-2016 14:13:11 UTC] PHP Stack trace:
[18-Jul-2016 14:13:11 UTC] PHP   1. {main}() /home/ubuntu/workspace/project/php/carpool_mycarpool_control.php:0
[18-Jul-2016 14:13:11 UTC] PHP Fatal error:  Call to undefined method databaseuse::databaseclose() in /home/ubuntu/workspace/project/php/carpool_mycarpool_control.php on line 37
[18-Jul-2016 14:13:11 UTC] PHP Stack trace:
[18-Jul-2016 14:13:11 UTC] PHP   1. {main}() /home/ubuntu/workspace/project/php/carpool_mycarpool_control.php:0
[18-Jul-2016 14:13:22 UTC] PHP Fatal error:  Call to undefined method databaseuse::databaseclose() in /home/ubuntu/workspace/project/php/carpool_mycarpool_control.php on line 37
[18-Jul-2016 14:13:22 UTC] PHP Stack trace:
[18-Jul-2016 14:13:22 UTC] PHP   1. {main}() /home/ubuntu/workspace/project/php/carpool_mycarpool_control.php:0
[18-Jul-2016 14:13:22 UTC] PHP Fatal error:  Call to undefined method databaseuse::databaseclose() in /home/ubuntu/workspace/project/php/carpool_mycarpool_control.php on line 37
[18-Jul-2016 14:13:22 UTC] PHP Stack trace:
[18-Jul-2016 14:13:22 UTC] PHP   1. {main}() /home/ubuntu/workspace/project/php/carpool_mycarpool_control.php:0
[18-Jul-2016 14:13:23 UTC] PHP Fatal error:  Call to undefined method databaseuse::databaseclose() in /home/ubuntu/workspace/project/php/carpool_mycarpool_control.php on line 37
[18-Jul-2016 14:13:23 UTC] PHP Stack trace:
[18-Jul-2016 14:13:23 UTC] PHP   1. {main}() /home/ubuntu/workspace/project/php/carpool_mycarpool_control.php:0
[18-Jul-2016 14:13:23 UTC] PHP Fatal error:  Call to undefined method databaseuse::databaseclose() in /home/ubuntu/workspace/project/php/carpool_mycarpool_control.php on line 37
[18-Jul-2016 14:13:23 UTC] PHP Stack trace:
[18-Jul-2016 14:13:23 UTC] PHP   1. {main}() /home/ubuntu/workspace/project/php/carpool_mycarpool_control.php:0
[18-Jul-2016 14:14:24 UTC] PHP Fatal error:  Call to undefined method databaseuse::databaseclose() in /home/ubuntu/workspace/project/php/carpool_mycarpool_control.php on line 37
[18-Jul-2016 14:14:24 UTC] PHP Stack trace:
[18-Jul-2016 14:14:24 UTC] PHP   1. {main}() /home/ubuntu/workspace/project/php/carpool_mycarpool_control.php:0
[18-Jul-2016 14:14:24 UTC] PHP Fatal error:  Call to undefined method databaseuse::databaseclose() in /home/ubuntu/workspace/project/php/carpool_mycarpool_control.php on line 37
[18-Jul-2016 14:14:24 UTC] PHP Stack trace:
[18-Jul-2016 14:14:24 UTC] PHP   1. {main}() /home/ubuntu/workspace/project/php/carpool_mycarpool_control.php:0
[18-Jul-2016 14:15:06 UTC] PHP Fatal error:  Call to undefined method databaseuse::databaseclose() in /home/ubuntu/workspace/project/php/carpool_mycarpool_control.php on line 37
[18-Jul-2016 14:15:06 UTC] PHP Stack trace:
[18-Jul-2016 14:15:06 UTC] PHP   1. {main}() /home/ubuntu/workspace/project/php/carpool_mycarpool_control.php:0
[18-Jul-2016 14:15:08 UTC] PHP Fatal error:  Call to undefined method databaseuse::databaseclose() in /home/ubuntu/workspace/project/php/carpool_mycarpool_control.php on line 37
[18-Jul-2016 14:15:08 UTC] PHP Stack trace:
[18-Jul-2016 14:15:08 UTC] PHP   1. {main}() /home/ubuntu/workspace/project/php/carpool_mycarpool_control.php:0
[18-Jul-2016 14:15:15 UTC] PHP Fatal error:  Call to undefined method databaseuse::databaseclose() in /home/ubuntu/workspace/project/php/carpool_mycarpool_control.php on line 37
[18-Jul-2016 14:15:15 UTC] PHP Stack trace:
[18-Jul-2016 14:15:15 UTC] PHP   1. {main}() /home/ubuntu/workspace/project/php/carpool_mycarpool_control.php:0
[18-Jul-2016 14:15:16 UTC] PHP Fatal error:  Call to undefined method databaseuse::databaseclose() in /home/ubuntu/workspace/project/php/carpool_mycarpool_control.php on line 37
[18-Jul-2016 14:15:16 UTC] PHP Stack trace:
[18-Jul-2016 14:15:16 UTC] PHP   1. {main}() /home/ubuntu/workspace/project/php/carpool_mycarpool_control.php:0
[18-Jul-2016 14:15:20 UTC] PHP Fatal error:  Call to undefined method databaseuse::databaseclose() in /home/ubuntu/workspace/project/php/carpool_mycarpool_control.php on line 37
[18-Jul-2016 14:15:20 UTC] PHP Stack trace:
[18-Jul-2016 14:15:20 UTC] PHP   1. {main}() /home/ubuntu/workspace/project/php/carpool_mycarpool_control.php:0
[18-Jul-2016 14:15:21 UTC] PHP Fatal error:  Call to undefined method databaseuse::databaseclose() in /home/ubuntu/workspace/project/php/carpool_mycarpool_control.php on line 37
[18-Jul-2016 14:15:21 UTC] PHP Stack trace:
[18-Jul-2016 14:15:21 UTC] PHP   1. {main}() /home/ubuntu/workspace/project/php/carpool_mycarpool_control.php:0
[18-Jul-2016 14:15:32 UTC] PHP Fatal error:  Call to undefined method databaseuse::databaseclose() in /home/ubuntu/workspace/project/php/carpool_mycarpool_control.php on line 37
[18-Jul-2016 14:15:32 UTC] PHP Stack trace:
[18-Jul-2016 14:15:32 UTC] PHP   1. {main}() /home/ubuntu/workspace/project/php/carpool_mycarpool_control.php:0
[18-Jul-2016 14:15:32 UTC] PHP Fatal error:  Call to undefined method databaseuse::databaseclose() in /home/ubuntu/workspace/project/php/carpool_mycarpool_control.php on line 37
[18-Jul-2016 14:15:32 UTC] PHP Stack trace:
[18-Jul-2016 14:15:32 UTC] PHP   1. {main}() /home/ubuntu/workspace/project/php/carpool_mycarpool_control.php:0
[18-Jul-2016 14:15:36 UTC] PHP Fatal error:  Call to undefined method databaseuse::databaseclose() in /home/ubuntu/workspace/project/php/carpool_mycarpool_control.php on line 37
[18-Jul-2016 14:15:36 UTC] PHP Stack trace:
[18-Jul-2016 14:15:36 UTC] PHP   1. {main}() /home/ubuntu/workspace/project/php/carpool_mycarpool_control.php:0
[18-Jul-2016 14:15:37 UTC] PHP Fatal error:  Call to undefined method databaseuse::databaseclose() in /home/ubuntu/workspace/project/php/carpool_mycarpool_control.php on line 37
[18-Jul-2016 14:15:37 UTC] PHP Stack trace:
[18-Jul-2016 14:15:37 UTC] PHP   1. {main}() /home/ubuntu/workspace/project/php/carpool_mycarpool_control.php:0
[18-Jul-2016 14:15:46 UTC] PHP Fatal error:  Call to undefined method databaseuse::databaseclose() in /home/ubuntu/workspace/project/php/carpool_mycarpool_control.php on line 37
[18-Jul-2016 14:15:46 UTC] PHP Stack trace:
[18-Jul-2016 14:15:46 UTC] PHP   1. {main}() /home/ubuntu/workspace/project/php/carpool_mycarpool_control.php:0
[18-Jul-2016 14:15:46 UTC] PHP Fatal error:  Call to undefined method databaseuse::databaseclose() in /home/ubuntu/workspace/project/php/carpool_mycarpool_control.php on line 37
[18-Jul-2016 14:15:46 UTC] PHP Stack trace:
[18-Jul-2016 14:15:46 UTC] PHP   1. {main}() /home/ubuntu/workspace/project/php/carpool_mycarpool_control.php:0
[18-Jul-2016 14:15:52 UTC] PHP Fatal error:  Call to undefined method databaseuse::databaseclose() in /home/ubuntu/workspace/project/php/carpool_mycarpool_control.php on line 37
[18-Jul-2016 14:15:52 UTC] PHP Stack trace:
[18-Jul-2016 14:15:52 UTC] PHP   1. {main}() /home/ubuntu/workspace/project/php/carpool_mycarpool_control.php:0
[18-Jul-2016 14:15:52 UTC] PHP Fatal error:  Call to undefined method databaseuse::databaseclose() in /home/ubuntu/workspace/project/php/carpool_mycarpool_control.php on line 37
[18-Jul-2016 14:15:52 UTC] PHP Stack trace:
[18-Jul-2016 14:15:52 UTC] PHP   1. {main}() /home/ubuntu/workspace/project/php/carpool_mycarpool_control.php:0
[18-Jul-2016 14:16:04 UTC] PHP Fatal error:  Call to undefined method databaseuse::databaseclose() in /home/ubuntu/workspace/project/php/carpool_mycarpool_control.php on line 37
[18-Jul-2016 14:16:04 UTC] PHP Stack trace:
[18-Jul-2016 14:16:04 UTC] PHP   1. {main}() /home/ubuntu/workspace/project/php/carpool_mycarpool_control.php:0
[18-Jul-2016 14:16:04 UTC] PHP Fatal error:  Call to undefined method databaseuse::databaseclose() in /home/ubuntu/workspace/project/php/carpool_mycarpool_control.php on line 37
[18-Jul-2016 14:16:04 UTC] PHP Stack trace:
[18-Jul-2016 14:16:04 UTC] PHP   1. {main}() /home/ubuntu/workspace/project/php/carpool_mycarpool_control.php:0
[18-Jul-2016 14:17:06 UTC] PHP Fatal error:  Call to undefined method databaseuse::databaseclose() in /home/ubuntu/workspace/project/php/carpool_mycarpool_control.php on line 37
[18-Jul-2016 14:17:06 UTC] PHP Stack trace:
[18-Jul-2016 14:17:06 UTC] PHP   1. {main}() /home/ubuntu/workspace/project/php/carpool_mycarpool_control.php:0
[18-Jul-2016 14:17:08 UTC] PHP Fatal error:  Call to undefined method databaseuse::databaseclose() in /home/ubuntu/workspace/project/php/carpool_mycarpool_control.php on line 37
[18-Jul-2016 14:17:08 UTC] PHP Stack trace:
[18-Jul-2016 14:17:08 UTC] PHP   1. {main}() /home/ubuntu/workspace/project/php/carpool_mycarpool_control.php:0
[18-Jul-2016 14:17:20 UTC] PHP Fatal error:  Call to undefined method databaseuse::databaseclose() in /home/ubuntu/workspace/project/php/carpool_mycarpool_control.php on line 37
[18-Jul-2016 14:17:20 UTC] PHP Stack trace:
[18-Jul-2016 14:17:20 UTC] PHP   1. {main}() /home/ubuntu/workspace/project/php/carpool_mycarpool_control.php:0
[18-Jul-2016 14:17:22 UTC] PHP Fatal error:  Call to undefined method databaseuse::databaseclose() in /home/ubuntu/workspace/project/php/carpool_mycarpool_control.php on line 37
[18-Jul-2016 14:17:22 UTC] PHP Stack trace:
[18-Jul-2016 14:17:22 UTC] PHP   1. {main}() /home/ubuntu/workspace/project/php/carpool_mycarpool_control.php:0
[18-Jul-2016 14:21:04 UTC] PHP Fatal error:  Call to undefined method databaseuse::databaseclose() in /home/ubuntu/workspace/project/php/carpool_mycarpool_control.php on line 37
[18-Jul-2016 14:21:04 UTC] PHP Stack trace:
[18-Jul-2016 14:21:04 UTC] PHP   1. {main}() /home/ubuntu/workspace/project/php/carpool_mycarpool_control.php:0
[18-Jul-2016 14:21:04 UTC] PHP Fatal error:  Call to undefined method databaseuse::databaseclose() in /home/ubuntu/workspace/project/php/carpool_mycarpool_control.php on line 37
[18-Jul-2016 14:21:04 UTC] PHP Stack trace:
[18-Jul-2016 14:21:04 UTC] PHP   1. {main}() /home/ubuntu/workspace/project/php/carpool_mycarpool_control.php:0
[18-Jul-2016 14:23:08 UTC] PHP Fatal error:  Call to undefined method databaseuse::databaseclose() in /home/ubuntu/workspace/project/php/carpool_mycarpool_control.php on line 37
[18-Jul-2016 14:23:08 UTC] PHP Stack trace:
[18-Jul-2016 14:23:08 UTC] PHP   1. {main}() /home/ubuntu/workspace/project/php/carpool_mycarpool_control.php:0
[18-Jul-2016 14:23:08 UTC] PHP Fatal error:  Call to undefined method databaseuse::databaseclose() in /home/ubuntu/workspace/project/php/carpool_mycarpool_control.php on line 37
[18-Jul-2016 14:23:08 UTC] PHP Stack trace:
[18-Jul-2016 14:23:08 UTC] PHP   1. {main}() /home/ubuntu/workspace/project/php/carpool_mycarpool_control.php:0
[20-Jul-2016 09:18:19 UTC] PHP Warning:  mysql_fetch_array() expects parameter 1 to be resource, object given in /home/ubuntu/workspace/project_test2/models/index.php on line 31
[20-Jul-2016 09:18:19 UTC] PHP Stack trace:
[20-Jul-2016 09:18:19 UTC] PHP   1. {main}() /home/ubuntu/workspace/project_test2/models/index.php:0
[20-Jul-2016 09:18:19 UTC] PHP   2. mysql_fetch_array() /home/ubuntu/workspace/project_test2/models/index.php:31
[20-Jul-2016 09:18:54 UTC] PHP Warning:  mysql_fetch_array() expects parameter 1 to be resource, object given in /home/ubuntu/workspace/project_test2/models/index.php on line 31
[20-Jul-2016 09:18:54 UTC] PHP Stack trace:
[20-Jul-2016 09:18:54 UTC] PHP   1. {main}() /home/ubuntu/workspace/project_test2/models/index.php:0
[20-Jul-2016 09:18:54 UTC] PHP   2. mysql_fetch_array() /home/ubuntu/workspace/project_test2/models/index.php:31
[20-Jul-2016 09:18:55 UTC] PHP Warning:  mysql_fetch_array() expects parameter 1 to be resource, object given in /home/ubuntu/workspace/project_test2/models/index.php on line 31
[20-Jul-2016 09:18:55 UTC] PHP Stack trace:
[20-Jul-2016 09:18:55 UTC] PHP   1. {main}() /home/ubuntu/workspace/project_test2/models/index.php:0
[20-Jul-2016 09:18:55 UTC] PHP   2. mysql_fetch_array() /home/ubuntu/workspace/project_test2/models/index.php:31
[20-Jul-2016 09:19:21 UTC] PHP Warning:  mysql_fetch_array() expects parameter 1 to be resource, object given in /home/ubuntu/workspace/project_test2/models/index.php on line 31
[20-Jul-2016 09:19:21 UTC] PHP Stack trace:
[20-Jul-2016 09:19:21 UTC] PHP   1. {main}() /home/ubuntu/workspace/project_test2/models/index.php:0
[20-Jul-2016 09:19:21 UTC] PHP   2. mysql_fetch_array() /home/ubuntu/workspace/project_test2/models/index.php:31
[20-Jul-2016 09:19:56 UTC] PHP Catchable fatal error:  Object of class mysqli_result could not be converted to string in /home/ubuntu/workspace/project_test2/models/index.php on line 31
[20-Jul-2016 09:19:56 UTC] PHP Stack trace:
[20-Jul-2016 09:19:56 UTC] PHP   1. {main}() /home/ubuntu/workspace/project_test2/models/index.php:0
[20-Jul-2016 09:21:32 UTC] PHP Fatal error:  Call to a member function sql_query() on a non-object in /home/ubuntu/workspace/project_test2/models/index.php on line 31
[20-Jul-2016 09:21:32 UTC] PHP Stack trace:
[20-Jul-2016 09:21:32 UTC] PHP   1. {main}() /home/ubuntu/workspace/project_test2/models/index.php:0
[20-Jul-2016 09:24:51 UTC] PHP Catchable fatal error:  Object of class mysqli_result could not be converted to string in /home/ubuntu/workspace/project_test2/models/index.php on line 32
[20-Jul-2016 09:24:51 UTC] PHP Stack trace:
[20-Jul-2016 09:24:51 UTC] PHP   1. {main}() /home/ubuntu/workspace/project_test2/models/index.php:0
[20-Jul-2016 09:26:56 UTC] PHP Warning:  mysql_fetch_array() expects parameter 1 to be resource, object given in /home/ubuntu/workspace/project_test2/models/index.php on line 41
[20-Jul-2016 09:26:56 UTC] PHP Stack trace:
[20-Jul-2016 09:26:56 UTC] PHP   1. {main}() /home/ubuntu/workspace/project_test2/models/index.php:0
[20-Jul-2016 09:26:56 UTC] PHP   2. mysql_fetch_array() /home/ubuntu/workspace/project_test2/models/index.php:41
